<?xml version="1.0" encoding="UTF-8"?>
<!-- Generated by org.testng.reporters.JUnitXMLReporter -->
<testsuite ignored="0" hostname="Hrushipriya8519" failures="0" tests="3" name="Default test" time="0.073" errors="0" timestamp="2022-10-30T19:39:32 IST">
  <testcase classname="annotations.Annotations" name="Demo" time="0.012"/>
  <testcase classname="annotations.Annotations" name="GoogleLogo" time="0.001"/>
  <testcase classname="annotations.Annotations" name="GoogleTitle" time="0.002"/>
</testsuite> <!-- Default test -->
