<?xml version="1.0" encoding="UTF-8"?>
<testng-results ignored="0" total="3" passed="3" failed="0" skipped="0">
  <reporter-output>
  </reporter-output>
  <suite started-at="2022-10-30T19:39:32 IST" name="Default suite" finished-at="2022-10-30T19:39:32 IST" duration-ms="73">
    <groups>
    </groups>
    <test started-at="2022-10-30T19:39:32 IST" name="Default test" finished-at="2022-10-30T19:39:32 IST" duration-ms="73">
      <class name="annotations.Annotations">
        <test-method is-config="true" signature="SetUp()[pri:0, instance:annotations.Annotations@61230f6a]" started-at="2022-10-30T19:39:32 IST" name="SetUp" finished-at="2022-10-30T19:39:32 IST" duration-ms="8" status="PASS">
          <reporter-output>
          </reporter-output>
        </test-method> <!-- SetUp -->
        <test-method is-config="true" signature="launcBrowser()[pri:0, instance:annotations.Annotations@61230f6a]" started-at="2022-10-30T19:39:32 IST" name="launcBrowser" finished-at="2022-10-30T19:39:32 IST" duration-ms="2" status="PASS">
          <reporter-output>
          </reporter-output>
        </test-method> <!-- launcBrowser -->
        <test-method is-config="true" signature="URL()[pri:0, instance:annotations.Annotations@61230f6a]" started-at="2022-10-30T19:39:32 IST" name="URL" finished-at="2022-10-30T19:39:32 IST" duration-ms="1" status="PASS">
          <reporter-output>
          </reporter-output>
        </test-method> <!-- URL -->
        <test-method is-config="true" signature="Login()[pri:0, instance:annotations.Annotations@61230f6a]" started-at="2022-10-30T19:39:32 IST" name="Login" finished-at="2022-10-30T19:39:32 IST" duration-ms="0" status="PASS">
          <reporter-output>
          </reporter-output>
        </test-method> <!-- Login -->
        <test-method signature="Demo()[pri:0, instance:annotations.Annotations@61230f6a]" started-at="2022-10-30T19:39:32 IST" name="Demo" finished-at="2022-10-30T19:39:32 IST" duration-ms="12" status="PASS">
          <reporter-output>
          </reporter-output>
        </test-method> <!-- Demo -->
        <test-method is-config="true" signature="Logout()[pri:0, instance:annotations.Annotations@61230f6a]" started-at="2022-10-30T19:39:32 IST" name="Logout" finished-at="2022-10-30T19:39:32 IST" duration-ms="1" status="PASS">
          <reporter-output>
          </reporter-output>
        </test-method> <!-- Logout -->
        <test-method is-config="true" signature="Login()[pri:0, instance:annotations.Annotations@61230f6a]" started-at="2022-10-30T19:39:32 IST" name="Login" finished-at="2022-10-30T19:39:32 IST" duration-ms="0" status="PASS">
          <reporter-output>
          </reporter-output>
        </test-method> <!-- Login -->
        <test-method signature="GoogleLogo()[pri:0, instance:annotations.Annotations@61230f6a]" started-at="2022-10-30T19:39:32 IST" name="GoogleLogo" finished-at="2022-10-30T19:39:32 IST" duration-ms="1" status="PASS">
          <reporter-output>
          </reporter-output>
        </test-method> <!-- GoogleLogo -->
        <test-method is-config="true" signature="Logout()[pri:0, instance:annotations.Annotations@61230f6a]" started-at="2022-10-30T19:39:32 IST" name="Logout" finished-at="2022-10-30T19:39:32 IST" duration-ms="1" status="PASS">
          <reporter-output>
          </reporter-output>
        </test-method> <!-- Logout -->
        <test-method signature="GoogleTitle()[pri:0, instance:annotations.Annotations@61230f6a]" started-at="2022-10-30T19:39:32 IST" name="GoogleTitle" finished-at="2022-10-30T19:39:32 IST" duration-ms="2" status="PASS">
          <reporter-output>
          </reporter-output>
        </test-method> <!-- GoogleTitle -->
        <test-method is-config="true" signature="Login()[pri:0, instance:annotations.Annotations@61230f6a]" started-at="2022-10-30T19:39:32 IST" name="Login" finished-at="2022-10-30T19:39:32 IST" duration-ms="0" status="PASS">
          <reporter-output>
          </reporter-output>
        </test-method> <!-- Login -->
        <test-method is-config="true" signature="Logout()[pri:0, instance:annotations.Annotations@61230f6a]" started-at="2022-10-30T19:39:32 IST" name="Logout" finished-at="2022-10-30T19:39:32 IST" duration-ms="1" status="PASS">
          <reporter-output>
          </reporter-output>
        </test-method> <!-- Logout -->
        <test-method is-config="true" signature="closebrowser()[pri:0, instance:annotations.Annotations@61230f6a]" started-at="2022-10-30T19:39:32 IST" name="closebrowser" finished-at="2022-10-30T19:39:32 IST" duration-ms="2" status="PASS">
          <reporter-output>
          </reporter-output>
        </test-method> <!-- closebrowser -->
        <test-method is-config="true" signature="deletecookies()[pri:0, instance:annotations.Annotations@61230f6a]" started-at="2022-10-30T19:39:32 IST" name="deletecookies" finished-at="2022-10-30T19:39:32 IST" duration-ms="0" status="PASS">
          <reporter-output>
          </reporter-output>
        </test-method> <!-- deletecookies -->
        <test-method is-config="true" signature="DD()[pri:0, instance:annotations.Annotations@61230f6a]" started-at="2022-10-30T19:39:32 IST" name="DD" finished-at="2022-10-30T19:39:32 IST" duration-ms="0" status="PASS">
          <reporter-output>
          </reporter-output>
        </test-method> <!-- DD -->
      </class> <!-- annotations.Annotations -->
    </test> <!-- Default test -->
  </suite> <!-- Default suite -->
</testng-results>
