<?xml version="1.0" encoding="UTF-8"?>
<!-- Generated by org.testng.reporters.JUnitXMLReporter -->
<testsuite ignored="0" hostname="Hrushipriya8519" failures="0" tests="3" name="Test1" time="23.448" errors="0" timestamp="2022-10-09T14:25:09 IST">
  <testcase classname="Parallaltesting.Test2" name="Module1" time="8.526"/>
  <testcase classname="Parallaltesting.Test2" name="Module2" time="7.22"/>
  <testcase classname="Parallaltesting.Test2" name="Module3" time="7.662"/>
</testsuite> <!-- Test1 -->
